<?xml version="1.0" encoding="UTF-8"?>
<!-- Generated by org.testng.reporters.JUnitReportReporter -->
<testsuite hostname="LAPTOP-N96617JQ" failures="0" tests="1" name="com.syntax.utils.BaseClass" time="6.173" errors="0" timestamp="08 Jun 2019 18:15:49 GMT" skipped="0">
  <testcase classname="com.syntax.utils.BaseClass" name="setUp" time="6.173"/>
</testsuite> <!-- com.syntax.utils.BaseClass -->
